<?xml version="1.0" encoding="UTF-8"?>
<testng-results ignored="0" total="7" passed="6" failed="1" skipped="0">
  <reporter-output>
  </reporter-output>
  <suite started-at="2026-05-07T09:38:27 IST" name="Surefire suite" finished-at="2026-05-07T09:42:06 IST" duration-ms="218507">
    <groups>
      <group name="cucumber">
        <method signature="AbstractTestNGCucumberTests.runScenario(io.cucumber.testng.PickleWrapper,io.cucumber.testng.FeatureWrapper)[pri:0, instance:testrunner.TestRunner@222545dc]" name="runScenario" class="io.cucumber.testng.AbstractTestNGCucumberTests"/>
      </group> <!-- cucumber -->
    </groups>
    <test started-at="2026-05-07T09:38:27 IST" name="Surefire test" finished-at="2026-05-07T09:42:06 IST" duration-ms="218507">
      <class name="testrunner.TestRunner">
        <test-method is-config="true" signature="setBrowser(java.lang.String)[pri:0, instance:testrunner.TestRunner@222545dc]" started-at="2026-05-07T09:38:27 IST" name="setBrowser" finished-at="2026-05-07T09:38:27 IST" duration-ms="34" status="PASS">
          <params>
            <param index="0">
              <value>
                <![CDATA[chrome]]>
              </value>
            </param>
          </params>
          <reporter-output>
          </reporter-output>
        </test-method> <!-- setBrowser -->
        <test-method is-config="true" signature="setUpClass(org.testng.ITestContext)[pri:0, instance:testrunner.TestRunner@222545dc]" started-at="2026-05-07T09:38:27 IST" name="setUpClass" finished-at="2026-05-07T09:38:29 IST" duration-ms="1460" status="PASS">
          <params>
            <param index="0">
              <value>
                <![CDATA[org.testng.TestRunner@4db46344]]>
              </value>
            </param>
          </params>
          <reporter-output>
          </reporter-output>
        </test-method> <!-- setUpClass -->
        <test-method signature="runScenario(io.cucumber.testng.PickleWrapper,io.cucumber.testng.FeatureWrapper)[pri:0, instance:testrunner.TestRunner@222545dc]" started-at="2026-05-07T09:38:29 IST" name="runScenario" description="Runs Cucumber Scenarios" data-provider="scenarios" finished-at="2026-05-07T09:39:23 IST" duration-ms="54416" status="PASS">
          <params>
            <param index="0">
              <value>
                <![CDATA["To validate the search functionality"]]>
              </value>
            </param>
            <param index="1">
              <value>
                <![CDATA["To validate the flipkart application"]]>
              </value>
            </param>
          </params>
          <reporter-output>
          </reporter-output>
        </test-method> <!-- runScenario -->
        <test-method signature="runScenario(io.cucumber.testng.PickleWrapper,io.cucumber.testng.FeatureWrapper)[pri:0, instance:testrunner.TestRunner@222545dc]" started-at="2026-05-07T09:39:23 IST" name="runScenario" description="Runs Cucumber Scenarios" data-provider="scenarios" finished-at="2026-05-07T09:39:44 IST" duration-ms="20528" status="PASS">
          <params>
            <param index="0">
              <value>
                <![CDATA["To validate search functionality with different values"]]>
              </value>
            </param>
            <param index="1">
              <value>
                <![CDATA["To validate the flipkart application"]]>
              </value>
            </param>
          </params>
          <reporter-output>
          </reporter-output>
        </test-method> <!-- runScenario -->
        <test-method signature="runScenario(io.cucumber.testng.PickleWrapper,io.cucumber.testng.FeatureWrapper)[pri:0, instance:testrunner.TestRunner@222545dc]" started-at="2026-05-07T09:39:44 IST" name="runScenario" description="Runs Cucumber Scenarios" data-provider="scenarios" finished-at="2026-05-07T09:40:04 IST" duration-ms="20089" status="PASS">
          <params>
            <param index="0">
              <value>
                <![CDATA["To validate search functionality with different values"]]>
              </value>
            </param>
            <param index="1">
              <value>
                <![CDATA["To validate the flipkart application"]]>
              </value>
            </param>
          </params>
          <reporter-output>
          </reporter-output>
        </test-method> <!-- runScenario -->
        <test-method signature="runScenario(io.cucumber.testng.PickleWrapper,io.cucumber.testng.FeatureWrapper)[pri:0, instance:testrunner.TestRunner@222545dc]" started-at="2026-05-07T09:40:04 IST" name="runScenario" description="Runs Cucumber Scenarios" data-provider="scenarios" finished-at="2026-05-07T09:40:25 IST" duration-ms="20832" status="PASS">
          <params>
            <param index="0">
              <value>
                <![CDATA["To validate search functionality with different values"]]>
              </value>
            </param>
            <param index="1">
              <value>
                <![CDATA["To validate the flipkart application"]]>
              </value>
            </param>
          </params>
          <reporter-output>
          </reporter-output>
        </test-method> <!-- runScenario -->
        <test-method signature="runScenario(io.cucumber.testng.PickleWrapper,io.cucumber.testng.FeatureWrapper)[pri:0, instance:testrunner.TestRunner@222545dc]" started-at="2026-05-07T09:40:25 IST" name="runScenario" description="Runs Cucumber Scenarios" data-provider="scenarios" finished-at="2026-05-07T09:40:45 IST" duration-ms="20713" status="PASS">
          <params>
            <param index="0">
              <value>
                <![CDATA["To validate search functionality with different values"]]>
              </value>
            </param>
            <param index="1">
              <value>
                <![CDATA["To validate the flipkart application"]]>
              </value>
            </param>
          </params>
          <reporter-output>
          </reporter-output>
        </test-method> <!-- runScenario -->
        <test-method signature="runScenario(io.cucumber.testng.PickleWrapper,io.cucumber.testng.FeatureWrapper)[pri:0, instance:testrunner.TestRunner@222545dc]" started-at="2026-05-07T09:40:45 IST" name="runScenario" description="Runs Cucumber Scenarios" data-provider="scenarios" finished-at="2026-05-07T09:41:12 IST" duration-ms="26412" status="PASS">
          <params>
            <param index="0">
              <value>
                <![CDATA["To get the title and price from search"]]>
              </value>
            </param>
            <param index="1">
              <value>
                <![CDATA["To validate the flipkart application"]]>
              </value>
            </param>
          </params>
          <reporter-output>
          </reporter-output>
        </test-method> <!-- runScenario -->
        <test-method signature="runScenario(io.cucumber.testng.PickleWrapper,io.cucumber.testng.FeatureWrapper)[pri:0, instance:testrunner.TestRunner@222545dc]" started-at="2026-05-07T09:41:12 IST" name="runScenario" description="Runs Cucumber Scenarios" data-provider="scenarios" finished-at="2026-05-07T09:42:05 IST" duration-ms="53201" status="FAIL">
          <params>
            <param index="0">
              <value>
                <![CDATA["To Test the search functionality with excell sheet"]]>
              </value>
            </param>
            <param index="1">
              <value>
                <![CDATA["To validate the flipkart application"]]>
              </value>
            </param>
          </params>
          <exception class="org.openqa.selenium.TimeoutException">
            <message>
              <![CDATA[Expected condition failed: waiting for visibility of element located by By.xpath: (//input[@name='q'])[1] (tried for 15 second(s) with 500 milliseconds interval)
Build info: version: '4.39.0', revision: '126f156aee'
System info: os.name: 'Windows 11', os.arch: 'amd64', os.version: '10.0', java.version: '21.0.9'
Driver info: org.openqa.selenium.chrome.ChromeDriver
Capabilities {acceptInsecureCerts: false, browserName: chrome, browserVersion: 147.0.7727.138, chrome: {chromedriverVersion: 147.0.7727.117 (474cc805edd..., userDataDir: C:\WINDOWS\SystemTemp\scope...}, fedcm:accounts: true, goog:chromeOptions: {debuggerAddress: localhost:62527}, goog:processID: 18124, networkConnectionEnabled: false, pageLoadStrategy: normal, platformName: windows, proxy: Proxy(), se:cdp: ws://localhost:62527/devtoo..., se:cdpVersion: 147.0.7727.138, setWindowRect: true, strictFileInteractability: false, timeouts: {implicit: 0, pageLoad: 300000, script: 30000}, unhandledPromptBehavior: dismiss and notify, webauthn:extension:credBlob: true, webauthn:extension:largeBlob: true, webauthn:extension:minPinLength: true, webauthn:extension:prf: true, webauthn:virtualAuthenticators: true}
Session ID: fb654672098aedab7f2d1e0290096993]]>
            </message>
            <full-stacktrace>
              <![CDATA[org.openqa.selenium.TimeoutException: Expected condition failed: waiting for visibility of element located by By.xpath: (//input[@name='q'])[1] (tried for 15 second(s) with 500 milliseconds interval)
Build info: version: '4.39.0', revision: '126f156aee'
System info: os.name: 'Windows 11', os.arch: 'amd64', os.version: '10.0', java.version: '21.0.9'
Driver info: org.openqa.selenium.chrome.ChromeDriver
Capabilities {acceptInsecureCerts: false, browserName: chrome, browserVersion: 147.0.7727.138, chrome: {chromedriverVersion: 147.0.7727.117 (474cc805edd..., userDataDir: C:\WINDOWS\SystemTemp\scope...}, fedcm:accounts: true, goog:chromeOptions: {debuggerAddress: localhost:62527}, goog:processID: 18124, networkConnectionEnabled: false, pageLoadStrategy: normal, platformName: windows, proxy: Proxy(), se:cdp: ws://localhost:62527/devtoo..., se:cdpVersion: 147.0.7727.138, setWindowRect: true, strictFileInteractability: false, timeouts: {implicit: 0, pageLoad: 300000, script: 30000}, unhandledPromptBehavior: dismiss and notify, webauthn:extension:credBlob: true, webauthn:extension:largeBlob: true, webauthn:extension:minPinLength: true, webauthn:extension:prf: true, webauthn:virtualAuthenticators: true}
Session ID: fb654672098aedab7f2d1e0290096993
at org.openqa.selenium.support.ui.WebDriverWait.timeoutException(WebDriverWait.java:84)
at org.openqa.selenium.support.ui.FluentWait.until(FluentWait.java:228)
at ResusabilityFunctions.seleniumResuable.waitForElement(seleniumResuable.java:152)
at pages.Searchxcel_page.Searchwithexcel(Searchxcel_page.java:38)
at stepdefination.Searchwithxcell.enter_search_test_in_the_search_field(Searchwithxcell.java:18)
at ✽.Enter search test in the search field(file:///C:/Users/moinu/eclipse-workspace/Flipkart/src/test/resources/features/searchfunctionality.feature:63)
]]>
            </full-stacktrace>
          </exception> <!-- org.openqa.selenium.TimeoutException -->
          <reporter-output>
          </reporter-output>
        </test-method> <!-- runScenario -->
        <test-method is-config="true" signature="tearDownClass()[pri:0, instance:testrunner.TestRunner@222545dc]" started-at="2026-05-07T09:42:05 IST" name="tearDownClass" finished-at="2026-05-07T09:42:06 IST" duration-ms="711" status="PASS">
          <reporter-output>
          </reporter-output>
        </test-method> <!-- tearDownClass -->
      </class> <!-- testrunner.TestRunner -->
    </test> <!-- Surefire test -->
  </suite> <!-- Surefire suite -->
</testng-results>
