<?xml version="1.0" encoding="UTF-8"?>
<testng-results ignored="0" total="2" passed="2" failed="0" skipped="0">
  <reporter-output>
  </reporter-output>
  <suite started-at="2026-02-02T12:13:39 IST" name="Surefire suite" finished-at="2026-02-02T12:14:40 IST" duration-ms="60422">
    <groups>
      <group name="cucumber">
        <method signature="AbstractTestNGCucumberTests.runScenario(io.cucumber.testng.PickleWrapper,io.cucumber.testng.FeatureWrapper)[pri:0, instance:testrunner.TestRunner@222545dc]" name="runScenario" class="io.cucumber.testng.AbstractTestNGCucumberTests"/>
      </group> <!-- cucumber -->
    </groups>
    <test started-at="2026-02-02T12:13:39 IST" name="Surefire test" finished-at="2026-02-02T12:14:40 IST" duration-ms="60422">
      <class name="testrunner.TestRunner">
        <test-method is-config="true" signature="setBrowser(java.lang.String)[pri:0, instance:testrunner.TestRunner@222545dc]" started-at="2026-02-02T12:13:39 IST" name="setBrowser" finished-at="2026-02-02T12:13:39 IST" duration-ms="36" status="PASS">
          <params>
            <param index="0">
              <value>
                <![CDATA[chrome]]>
              </value>
            </param>
          </params>
          <reporter-output>
          </reporter-output>
        </test-method> <!-- setBrowser -->
        <test-method is-config="true" signature="setUpClass(org.testng.ITestContext)[pri:0, instance:testrunner.TestRunner@222545dc]" started-at="2026-02-02T12:13:39 IST" name="setUpClass" finished-at="2026-02-02T12:13:40 IST" duration-ms="512" status="PASS">
          <params>
            <param index="0">
              <value>
                <![CDATA[org.testng.TestRunner@41b64020]]>
              </value>
            </param>
          </params>
          <reporter-output>
          </reporter-output>
        </test-method> <!-- setUpClass -->
        <test-method signature="runScenario(io.cucumber.testng.PickleWrapper,io.cucumber.testng.FeatureWrapper)[pri:0, instance:testrunner.TestRunner@222545dc]" started-at="2026-02-02T12:13:40 IST" name="runScenario" description="Runs Cucumber Scenarios" data-provider="scenarios" finished-at="2026-02-02T12:14:08 IST" duration-ms="28340" status="PASS">
          <params>
            <param index="0">
              <value>
                <![CDATA["To validate the Fashion Functionality"]]>
              </value>
            </param>
            <param index="1">
              <value>
                <![CDATA["To validate the flipkart application"]]>
              </value>
            </param>
          </params>
          <reporter-output>
          </reporter-output>
        </test-method> <!-- runScenario -->
        <test-method signature="runScenario(io.cucumber.testng.PickleWrapper,io.cucumber.testng.FeatureWrapper)[pri:0, instance:testrunner.TestRunner@222545dc]" started-at="2026-02-02T12:14:08 IST" name="runScenario" description="Runs Cucumber Scenarios" data-provider="scenarios" finished-at="2026-02-02T12:14:39 IST" duration-ms="31099" status="PASS">
          <params>
            <param index="0">
              <value>
                <![CDATA["To validate upto addcart functionality"]]>
              </value>
            </param>
            <param index="1">
              <value>
                <![CDATA["To validate the flipkart application"]]>
              </value>
            </param>
          </params>
          <reporter-output>
          </reporter-output>
        </test-method> <!-- runScenario -->
        <test-method is-config="true" signature="tearDownClass()[pri:0, instance:testrunner.TestRunner@222545dc]" started-at="2026-02-02T12:14:39 IST" name="tearDownClass" finished-at="2026-02-02T12:14:40 IST" duration-ms="375" status="PASS">
          <reporter-output>
          </reporter-output>
        </test-method> <!-- tearDownClass -->
      </class> <!-- testrunner.TestRunner -->
    </test> <!-- Surefire test -->
  </suite> <!-- Surefire suite -->
</testng-results>
