<?xml version="1.0" encoding="UTF-8"?>
<testsuite xmlns:xsi="http://www.w3.org/2001/XMLSchema-instance" xsi:noNamespaceSchemaLocation="https://maven.apache.org/surefire/maven-surefire-plugin/xsd/surefire-test-report-3.0.xsd" version="3.0" name="testrunner.TestRunner" time="219.72" tests="7" errors="0" skipped="0" failures="1">
  <properties>
[...]
</properties>
  <testcase name="runScenario[&quot;To validate the search functionality&quot;, &quot;To validate the flipkart application&quot;](1)" classname="testrunner.TestRunner" time="54.415">
    <system-out><![CDATA[Browser set to: chrome

@tc001 @Regression @ParallelSafe
Scenario: To validate the search functionality                                         # src/test/resources/features/searchfunctionality.feature:9
Launching browser: chrome
  ✔ Given Launch the Flipkart application                                              # stepdefination.searchmobile_testcase.launch_the_flipkart_application()
Online Shopping India Mobile, Cameras, Lifestyle & more Online @ Flipkart.com
  ✔ When close the popup                                                               # stepdefination.searchmobile_testcase.close_the_popup()
true
  ✔ Then It should navigate to home page                                               # stepdefination.searchmobile_testcase.it_should_navigate_to_home_page()
  ✔ Given user enter the text in the search field                                      # stepdefination.searchmobile_testcase.user_enter_the_text_in_the_search_field()
  ✔ When clicks the search button                                                      # stepdefination.searchmobile_testcase.clicks_the_search_button()
true
Mobiles- Buy Products Online at Best Price in India - All Categories | Flipkart.com
  ✔ Then It should navigate to the search result page and display the relevent details # stepdefination.searchmobile_testcase.it_should_navigate_to_the_search_result_page_and_display_the_relevent_details()
before Filter :realme P4 Power 5G (TransSilver, 128 GB)
4.53,746 Ratings & 338 Reviews
8 GB RAM | 128 GB ROM
17.27 cm (6.8 inch) Full HD+ AMOLED Display
50MP + 8MP | Yes
10001 mAh Battery
Dimensity 7400 Ultra Processor
1 Year Manufacturer Warranty for Device and 6 Months Manufacturer Warranty for Inbox Accessories
  ✔ And Select Minimun and Maximun Amount                                              # stepdefination.Filter_stepdef.select_minimun_and_maximun_amount()
  ✔ And Select the Brand                                                               # stepdefination.Filter_stepdef.select_the_brand()
  ✔ And Select the Ram                                                                 # stepdefination.Filter_stepdef.select_the_ram()
  ✔ And Select Battery Capacity                                                        # stepdefination.Filter_stepdef.select_battery_capacity()
*****************************
afterfilter :vivo V9 Youth (Black, 32 GB)
4.426,213 Ratings & 2,791 Reviews
4 GB RAM | 32 GB ROM | Expandable Upto 256 GB
16.0 cm (6.3 inch) Full HD+ Display
16MP + 2MP | 16MP Front Camera
3260 mAh Li-ion Battery
Qualcomm Snapdragon 450 Processor
Brand Warranty of 1 Year Available for Mobile and 6 Months for Accessories
  ✔ Then It should display the Relevant result                                         # stepdefination.Filter_stepdef.it_should_display_the_relevant_result()
]]></system-out>
    <system-err><![CDATA[SLF4J(W): No SLF4J providers were found.
SLF4J(W): Defaulting to no-operation (NOP) logger implementation
SLF4J(W): See https://www.slf4j.org/codes.html#noProviders for further details.
May 07, 2026 9:38:44 AM org.openqa.selenium.devtools.CdpVersionFinder findNearestMatch
WARNING: Unable to find an exact match for CDP version 147, returning the closest version; found: 143; Please update to a Selenium version that supports CDP version 147
]]></system-err>
  </testcase>
  <testcase name="runScenario[&quot;To validate search functionality with different values&quot;, &quot;To validate the flipkart application&quot;](2)" classname="testrunner.TestRunner" time="20.48">
    <system-out><![CDATA[
@tc003 @Regression @ParallelSafe
Scenario: To validate search functionality with different values                 # src/test/resources/features/searchfunctionality.feature:38
Launching browser: chrome
  ✔ Given Launch the Flipkart application                                        # stepdefination.searchmobile_testcase.launch_the_flipkart_application()
Online Shopping India Mobile, Cameras, Lifestyle & more Online @ Flipkart.com
  ✔ When close the popup                                                         # stepdefination.searchmobile_testcase.close_the_popup()
true
  ✔ Then It should navigate to home page                                         # stepdefination.searchmobile_testcase.it_should_navigate_to_home_page()
  ✔ Given Enter the "Mobile" in the field                                        # stepdefination.MultipleSearch_stepdef.enter_the_in_the_field(java.lang.String)
  ✔ When click the search button                                                 # stepdefination.MultipleSearch_stepdef.click_the_search_button()
Mobile- Buy Products Online at Best Price in India - All Categories | Flipkart.com
********************************************
  ✔ Then it should navigates to the text page and display the corresponding page # stepdefination.MultipleSearch_stepdef.it_should_navigates_to_the_text_page_and_display_the_corresponding_page()
]]></system-out>
    <system-err><![CDATA[May 07, 2026 9:39:24 AM org.openqa.selenium.devtools.CdpVersionFinder findNearestMatch
WARNING: Unable to find an exact match for CDP version 147, returning the closest version; found: 143; Please update to a Selenium version that supports CDP version 147
]]></system-err>
  </testcase>
  <testcase name="runScenario[&quot;To validate search functionality with different values&quot;, &quot;To validate the flipkart application&quot;](3)" classname="testrunner.TestRunner" time="20.088">
    <system-out><![CDATA[
@tc003 @Regression @ParallelSafe
Scenario: To validate search functionality with different values                 # src/test/resources/features/searchfunctionality.feature:39
Launching browser: chrome
  ✔ Given Launch the Flipkart application                                        # stepdefination.searchmobile_testcase.launch_the_flipkart_application()
Online Shopping India Mobile, Cameras, Lifestyle & more Online @ Flipkart.com
  ✔ When close the popup                                                         # stepdefination.searchmobile_testcase.close_the_popup()
true
  ✔ Then It should navigate to home page                                         # stepdefination.searchmobile_testcase.it_should_navigate_to_home_page()
  ✔ Given Enter the "TV" in the field                                            # stepdefination.MultipleSearch_stepdef.enter_the_in_the_field(java.lang.String)
  ✔ When click the search button                                                 # stepdefination.MultipleSearch_stepdef.click_the_search_button()
TV- Buy Products Online at Best Price in India - All Categories | Flipkart.com
********************************************
  ✔ Then it should navigates to the text page and display the corresponding page # stepdefination.MultipleSearch_stepdef.it_should_navigates_to_the_text_page_and_display_the_corresponding_page()
]]></system-out>
    <system-err><![CDATA[May 07, 2026 9:39:45 AM org.openqa.selenium.devtools.CdpVersionFinder findNearestMatch
WARNING: Unable to find an exact match for CDP version 147, returning the closest version; found: 143; Please update to a Selenium version that supports CDP version 147
]]></system-err>
  </testcase>
  <testcase name="runScenario[&quot;To validate search functionality with different values&quot;, &quot;To validate the flipkart application&quot;](4)" classname="testrunner.TestRunner" time="20.831">
    <system-out><![CDATA[
@tc003 @Regression @ParallelSafe
Scenario: To validate search functionality with different values                 # src/test/resources/features/searchfunctionality.feature:40
Launching browser: chrome
  ✔ Given Launch the Flipkart application                                        # stepdefination.searchmobile_testcase.launch_the_flipkart_application()
Online Shopping India Mobile, Cameras, Lifestyle & more Online @ Flipkart.com
  ✔ When close the popup                                                         # stepdefination.searchmobile_testcase.close_the_popup()
true
  ✔ Then It should navigate to home page                                         # stepdefination.searchmobile_testcase.it_should_navigate_to_home_page()
  ✔ Given Enter the "speaker" in the field                                       # stepdefination.MultipleSearch_stepdef.enter_the_in_the_field(java.lang.String)
  ✔ When click the search button                                                 # stepdefination.MultipleSearch_stepdef.click_the_search_button()
Speaker- Buy Products Online at Best Price in India - All Categories | Flipkart.com
********************************************
  ✔ Then it should navigates to the text page and display the corresponding page # stepdefination.MultipleSearch_stepdef.it_should_navigates_to_the_text_page_and_display_the_corresponding_page()
]]></system-out>
    <system-err><![CDATA[May 07, 2026 9:40:05 AM org.openqa.selenium.devtools.CdpVersionFinder findNearestMatch
WARNING: Unable to find an exact match for CDP version 147, returning the closest version; found: 143; Please update to a Selenium version that supports CDP version 147
]]></system-err>
  </testcase>
  <testcase name="runScenario[&quot;To validate search functionality with different values&quot;, &quot;To validate the flipkart application&quot;](5)" classname="testrunner.TestRunner" time="20.714">
    <system-out><![CDATA[
@tc003 @Regression @ParallelSafe
Scenario: To validate search functionality with different values                 # src/test/resources/features/searchfunctionality.feature:41
Launching browser: chrome
  ✔ Given Launch the Flipkart application                                        # stepdefination.searchmobile_testcase.launch_the_flipkart_application()
Online Shopping India Mobile, Cameras, Lifestyle & more Online @ Flipkart.com
  ✔ When close the popup                                                         # stepdefination.searchmobile_testcase.close_the_popup()
true
  ✔ Then It should navigate to home page                                         # stepdefination.searchmobile_testcase.it_should_navigate_to_home_page()
  ✔ Given Enter the "Shirt" in the field                                         # stepdefination.MultipleSearch_stepdef.enter_the_in_the_field(java.lang.String)
  ✔ When click the search button                                                 # stepdefination.MultipleSearch_stepdef.click_the_search_button()
Shirt- Buy Products Online at Best Price in India - All Categories | Flipkart.com
********************************************
  ✔ Then it should navigates to the text page and display the corresponding page # stepdefination.MultipleSearch_stepdef.it_should_navigates_to_the_text_page_and_display_the_corresponding_page()
]]></system-out>
    <system-err><![CDATA[May 07, 2026 9:40:26 AM org.openqa.selenium.devtools.CdpVersionFinder findNearestMatch
WARNING: Unable to find an exact match for CDP version 147, returning the closest version; found: 143; Please update to a Selenium version that supports CDP version 147
]]></system-err>
  </testcase>
  <testcase name="runScenario[&quot;To get the title and price from search&quot;, &quot;To validate the flipkart application&quot;](6)" classname="testrunner.TestRunner" time="26.412">
    <system-out><![CDATA[
@tc005 @Regression @ParallelSafe
Scenario: To get the title and price from search               # src/test/resources/features/searchfunctionality.feature:55
Launching browser: chrome
  ✔ Given Launch the Flipkart application                      # stepdefination.searchmobile_testcase.launch_the_flipkart_application()
Online Shopping India Mobile, Cameras, Lifestyle & more Online @ Flipkart.com
  ✔ When close the popup                                       # stepdefination.searchmobile_testcase.close_the_popup()
true
  ✔ Then It should navigate to home page                       # stepdefination.searchmobile_testcase.it_should_navigate_to_home_page()
  ✔ Given Enter the search text in the text field              # stepdefination.Titleprice_stepdef.enter_the_search_text_in_the_text_field()
No such Element exception
  ✔ When click the search icon                                 # stepdefination.Titleprice_stepdef.click_the_search_icon()
0
  ✔ Then It should display the search result and get the title # stepdefination.Titleprice_stepdef.it_should_display_the_search_result_and_get_the_title()
]]></system-out>
    <system-err><![CDATA[May 07, 2026 9:40:47 AM org.openqa.selenium.devtools.CdpVersionFinder findNearestMatch
WARNING: Unable to find an exact match for CDP version 147, returning the closest version; found: 143; Please update to a Selenium version that supports CDP version 147
]]></system-err>
  </testcase>
  <testcase name="runScenario[&quot;To Test the search functionality with excell sheet&quot;, &quot;To validate the flipkart application&quot;](7)" classname="testrunner.TestRunner" time="53.206">
    <failure message="Expected condition failed: waiting for visibility of element located by By.xpath: (//input[@name=&apos;q&apos;])[1] (tried for 15 second(s) with 500 milliseconds interval)&#10;Build info: version: &apos;4.39.0&apos;, revision: &apos;126f156aee&apos;&#10;System info: os.name: &apos;Windows 11&apos;, os.arch: &apos;amd64&apos;, os.version: &apos;10.0&apos;, java.version: &apos;21.0.9&apos;&#10;Driver info: org.openqa.selenium.chrome.ChromeDriver&#10;Capabilities {acceptInsecureCerts: false, browserName: chrome, browserVersion: 147.0.7727.138, chrome: {chromedriverVersion: 147.0.7727.117 (474cc805edd..., userDataDir: C:\WINDOWS\SystemTemp\scope...}, fedcm:accounts: true, goog:chromeOptions: {debuggerAddress: localhost:62527}, goog:processID: 18124, networkConnectionEnabled: false, pageLoadStrategy: normal, platformName: windows, proxy: Proxy(), se:cdp: ws://localhost:62527/devtoo..., se:cdpVersion: 147.0.7727.138, setWindowRect: true, strictFileInteractability: false, timeouts: {implicit: 0, pageLoad: 300000, script: 30000}, unhandledPromptBehavior: dismiss and notify, webauthn:extension:credBlob: true, webauthn:extension:largeBlob: true, webauthn:extension:minPinLength: true, webauthn:extension:prf: true, webauthn:virtualAuthenticators: true}&#10;Session ID: fb654672098aedab7f2d1e0290096993" type="org.openqa.selenium.TimeoutException"><![CDATA[org.openqa.selenium.TimeoutException: 
Expected condition failed: waiting for visibility of element located by By.xpath: (//input[@name='q'])[1] (tried for 15 second(s) with 500 milliseconds interval)
Build info: version: '4.39.0', revision: '126f156aee'
System info: os.name: 'Windows 11', os.arch: 'amd64', os.version: '10.0', java.version: '21.0.9'
Driver info: org.openqa.selenium.chrome.ChromeDriver
Capabilities {acceptInsecureCerts: false, browserName: chrome, browserVersion: 147.0.7727.138, chrome: {chromedriverVersion: 147.0.7727.117 (474cc805edd..., userDataDir: C:\WINDOWS\SystemTemp\scope...}, fedcm:accounts: true, goog:chromeOptions: {debuggerAddress: localhost:62527}, goog:processID: 18124, networkConnectionEnabled: false, pageLoadStrategy: normal, platformName: windows, proxy: Proxy(), se:cdp: ws://localhost:62527/devtoo..., se:cdpVersion: 147.0.7727.138, setWindowRect: true, strictFileInteractability: false, timeouts: {implicit: 0, pageLoad: 300000, script: 30000}, unhandledPromptBehavior: dismiss and notify, webauthn:extension:credBlob: true, webauthn:extension:largeBlob: true, webauthn:extension:minPinLength: true, webauthn:extension:prf: true, webauthn:virtualAuthenticators: true}
Session ID: fb654672098aedab7f2d1e0290096993
	at org.openqa.selenium.support.ui.WebDriverWait.timeoutException(WebDriverWait.java:84)
	at org.openqa.selenium.support.ui.FluentWait.until(FluentWait.java:228)
	at ResusabilityFunctions.seleniumResuable.waitForElement(seleniumResuable.java:152)
	at pages.Searchxcel_page.Searchwithexcel(Searchxcel_page.java:38)
	at stepdefination.Searchwithxcell.enter_search_test_in_the_search_field(Searchwithxcell.java:18)
	at ✽.Enter search test in the search field(file:///C:/Users/moinu/eclipse-workspace/Flipkart/src/test/resources/features/searchfunctionality.feature:63)
]]></failure>
    <system-out><![CDATA[
@tc006 @Regression @ParallelSafe
Scenario: To Test the search functionality with excell sheet # src/test/resources/features/searchfunctionality.feature:61
Launching browser: chrome
  ✔ Given Launch the Flipkart application                    # stepdefination.searchmobile_testcase.launch_the_flipkart_application()
Online Shopping India Mobile, Cameras, Lifestyle & more Online @ Flipkart.com
  ✔ When close the popup                                     # stepdefination.searchmobile_testcase.close_the_popup()
true
  ✔ Then It should navigate to home page                     # stepdefination.searchmobile_testcase.it_should_navigate_to_home_page()
2026-05-07T04:11:34.486122Z main ERROR Log4j API could not find a logging provider.
05-07-2026 09:41:35 excellutility.java INFO  [main] utilitys.excellutility 36 - **************** Read Excel sheet  ****************
05-07-2026 09:41:39 excellutility.java INFO  [main] utilitys.excellutility 61 - ****************** Write in excel sheet  ****************
05-07-2026 09:41:42 excellutility.java INFO  [main] utilitys.excellutility 36 - **************** Read Excel sheet  ****************
05-07-2026 09:41:44 excellutility.java INFO  [main] utilitys.excellutility 61 - ****************** Write in excel sheet  ****************
05-07-2026 09:41:44 excellutility.java INFO  [main] utilitys.excellutility 36 - **************** Read Excel sheet  ****************
  ✘ Given Enter search test in the search field              # stepdefination.Searchwithxcell.enter_search_test_in_the_search_field()
        org.openqa.selenium.TimeoutException: Expected condition failed: waiting for visibility of element located by By.xpath: (//input[@name='q'])[1] (tried for 15 second(s) with 500 milliseconds interval)
        Build info: version: '4.39.0', revision: '126f156aee'
        System info: os.name: 'Windows 11', os.arch: 'amd64', os.version: '10.0', java.version: '21.0.9'
        Driver info: org.openqa.selenium.chrome.ChromeDriver
        Capabilities {acceptInsecureCerts: false, browserName: chrome, browserVersion: 147.0.7727.138, chrome: {chromedriverVersion: 147.0.7727.117 (474cc805edd..., userDataDir: C:\WINDOWS\SystemTemp\scope...}, fedcm:accounts: true, goog:chromeOptions: {debuggerAddress: localhost:62527}, goog:processID: 18124, networkConnectionEnabled: false, pageLoadStrategy: normal, platformName: windows, proxy: Proxy(), se:cdp: ws://localhost:62527/devtoo..., se:cdpVersion: 147.0.7727.138, setWindowRect: true, strictFileInteractability: false, timeouts: {implicit: 0, pageLoad: 300000, script: 30000}, unhandledPromptBehavior: dismiss and notify, webauthn:extension:credBlob: true, webauthn:extension:largeBlob: true, webauthn:extension:minPinLength: true, webauthn:extension:prf: true, webauthn:virtualAuthenticators: true}
        Session ID: fb654672098aedab7f2d1e0290096993
        	at org.openqa.selenium.support.ui.WebDriverWait.timeoutException(WebDriverWait.java:84)
        	at org.openqa.selenium.support.ui.FluentWait.until(FluentWait.java:228)
        	at ResusabilityFunctions.seleniumResuable.waitForElement(seleniumResuable.java:152)
        	at pages.Searchxcel_page.Searchwithexcel(Searchxcel_page.java:38)
        	at stepdefination.Searchwithxcell.enter_search_test_in_the_search_field(Searchwithxcell.java:18)
        	at ✽.Enter search test in the search field(file:///C:/Users/moinu/eclipse-workspace/Flipkart/src/test/resources/features/searchfunctionality.feature:63)
  ↷ When click search icon                                   # stepdefination.Searchwithxcell.click_search_icon()
  ↷ Then It Should display the Relevant result               # stepdefination.Searchwithxcell.it_should_display_the_relevant_result()

        Embedding FlipkartAutomation [image/png 7245 bytes]

]]></system-out>
    <system-err><![CDATA[May 07, 2026 9:41:14 AM org.openqa.selenium.devtools.CdpVersionFinder findNearestMatch
WARNING: Unable to find an exact match for CDP version 147, returning the closest version; found: 143; Please update to a Selenium version that supports CDP version 147
]]></system-err>
  </testcase>
</testsuite>