<?xml version="1.0" encoding="UTF-8"?>
<testng-results ignored="0" total="6" passed="6" failed="0" skipped="0">
  <reporter-output>
  </reporter-output>
  <suite started-at="2026-05-07T12:13:04 IST" name="Default suite" finished-at="2026-05-07T12:15:20 IST" duration-ms="136548">
    <groups>
      <group name="cucumber">
        <method signature="AbstractTestNGCucumberTests.runScenario(io.cucumber.testng.PickleWrapper,io.cucumber.testng.FeatureWrapper)[pri:0, instance:testrunner.TestRunner@6ff29830]" name="runScenario" class="io.cucumber.testng.AbstractTestNGCucumberTests"/>
      </group> <!-- cucumber -->
    </groups>
    <test started-at="2026-05-07T12:13:04 IST" name="Default test" finished-at="2026-05-07T12:15:20 IST" duration-ms="136548">
      <class name="testrunner.TestRunner">
        <test-method is-config="true" signature="setBrowser(java.lang.String)[pri:0, instance:testrunner.TestRunner@6ff29830]" started-at="2026-05-07T12:13:04 IST" name="setBrowser" finished-at="2026-05-07T12:13:04 IST" duration-ms="18" status="PASS">
          <params>
            <param index="0">
              <value>
                <![CDATA[chrome]]>
              </value>
            </param>
          </params>
          <reporter-output>
          </reporter-output>
        </test-method> <!-- setBrowser -->
        <test-method is-config="true" signature="setUpClass(org.testng.ITestContext)[pri:0, instance:testrunner.TestRunner@6ff29830]" started-at="2026-05-07T12:13:04 IST" name="setUpClass" finished-at="2026-05-07T12:13:04 IST" duration-ms="701" status="PASS">
          <params>
            <param index="0">
              <value>
                <![CDATA[org.testng.TestRunner@2b43f314]]>
              </value>
            </param>
          </params>
          <reporter-output>
          </reporter-output>
        </test-method> <!-- setUpClass -->
        <test-method signature="runScenario(io.cucumber.testng.PickleWrapper,io.cucumber.testng.FeatureWrapper)[pri:0, instance:testrunner.TestRunner@6ff29830]" started-at="2026-05-07T12:13:04 IST" name="runScenario" description="Runs Cucumber Scenarios" data-provider="scenarios" finished-at="2026-05-07T12:13:38 IST" duration-ms="33545" status="PASS">
          <params>
            <param index="0">
              <value>
                <![CDATA["To validate the search functionality"]]>
              </value>
            </param>
            <param index="1">
              <value>
                <![CDATA["To validate the flipkart application"]]>
              </value>
            </param>
          </params>
          <reporter-output>
          </reporter-output>
        </test-method> <!-- runScenario -->
        <test-method signature="runScenario(io.cucumber.testng.PickleWrapper,io.cucumber.testng.FeatureWrapper)[pri:0, instance:testrunner.TestRunner@6ff29830]" started-at="2026-05-07T12:13:38 IST" name="runScenario" description="Runs Cucumber Scenarios" data-provider="scenarios" finished-at="2026-05-07T12:13:57 IST" duration-ms="18689" status="PASS">
          <params>
            <param index="0">
              <value>
                <![CDATA["To validate search functionality with different values"]]>
              </value>
            </param>
            <param index="1">
              <value>
                <![CDATA["To validate the flipkart application"]]>
              </value>
            </param>
          </params>
          <reporter-output>
          </reporter-output>
        </test-method> <!-- runScenario -->
        <test-method signature="runScenario(io.cucumber.testng.PickleWrapper,io.cucumber.testng.FeatureWrapper)[pri:0, instance:testrunner.TestRunner@6ff29830]" started-at="2026-05-07T12:13:57 IST" name="runScenario" description="Runs Cucumber Scenarios" data-provider="scenarios" finished-at="2026-05-07T12:14:15 IST" duration-ms="18273" status="PASS">
          <params>
            <param index="0">
              <value>
                <![CDATA["To validate search functionality with different values"]]>
              </value>
            </param>
            <param index="1">
              <value>
                <![CDATA["To validate the flipkart application"]]>
              </value>
            </param>
          </params>
          <reporter-output>
          </reporter-output>
        </test-method> <!-- runScenario -->
        <test-method signature="runScenario(io.cucumber.testng.PickleWrapper,io.cucumber.testng.FeatureWrapper)[pri:0, instance:testrunner.TestRunner@6ff29830]" started-at="2026-05-07T12:14:15 IST" name="runScenario" description="Runs Cucumber Scenarios" data-provider="scenarios" finished-at="2026-05-07T12:14:34 IST" duration-ms="19376" status="PASS">
          <params>
            <param index="0">
              <value>
                <![CDATA["To validate search functionality with different values"]]>
              </value>
            </param>
            <param index="1">
              <value>
                <![CDATA["To validate the flipkart application"]]>
              </value>
            </param>
          </params>
          <reporter-output>
          </reporter-output>
        </test-method> <!-- runScenario -->
        <test-method signature="runScenario(io.cucumber.testng.PickleWrapper,io.cucumber.testng.FeatureWrapper)[pri:0, instance:testrunner.TestRunner@6ff29830]" started-at="2026-05-07T12:14:34 IST" name="runScenario" description="Runs Cucumber Scenarios" data-provider="scenarios" finished-at="2026-05-07T12:14:54 IST" duration-ms="19219" status="PASS">
          <params>
            <param index="0">
              <value>
                <![CDATA["To validate search functionality with different values"]]>
              </value>
            </param>
            <param index="1">
              <value>
                <![CDATA["To validate the flipkart application"]]>
              </value>
            </param>
          </params>
          <reporter-output>
          </reporter-output>
        </test-method> <!-- runScenario -->
        <test-method signature="runScenario(io.cucumber.testng.PickleWrapper,io.cucumber.testng.FeatureWrapper)[pri:0, instance:testrunner.TestRunner@6ff29830]" started-at="2026-05-07T12:14:54 IST" name="runScenario" description="Runs Cucumber Scenarios" data-provider="scenarios" finished-at="2026-05-07T12:15:20 IST" duration-ms="26324" status="PASS">
          <params>
            <param index="0">
              <value>
                <![CDATA["To get the title and price from search"]]>
              </value>
            </param>
            <param index="1">
              <value>
                <![CDATA["To validate the flipkart application"]]>
              </value>
            </param>
          </params>
          <reporter-output>
          </reporter-output>
        </test-method> <!-- runScenario -->
        <test-method is-config="true" signature="tearDownClass()[pri:0, instance:testrunner.TestRunner@6ff29830]" started-at="2026-05-07T12:15:20 IST" name="tearDownClass" finished-at="2026-05-07T12:15:20 IST" duration-ms="328" status="PASS">
          <reporter-output>
          </reporter-output>
        </test-method> <!-- tearDownClass -->
      </class> <!-- testrunner.TestRunner -->
    </test> <!-- Default test -->
  </suite> <!-- Default suite -->
</testng-results>
