<?xml version="1.0" encoding="UTF-8"?>
<!-- Generated by org.testng.reporters.JUnitReportReporter -->
<testsuite hostname="Moinuddin" failures="0" tests="7" name="testrunner.TestRunner" time="177.406" errors="0" timestamp="2026-05-06T15:56:46 IST" skipped="0">
  <testcase classname="testrunner.TestRunner" name="runScenario" time="50.674"/>
  <testcase classname="testrunner.TestRunner" name="runScenario" time="17.226"/>
  <testcase classname="testrunner.TestRunner" name="runScenario" time="17.179"/>
  <testcase classname="testrunner.TestRunner" name="runScenario" time="26.470"/>
  <testcase classname="testrunner.TestRunner" name="runScenario" time="17.965"/>
  <testcase classname="testrunner.TestRunner" name="runScenario" time="17.823"/>
  <testcase classname="testrunner.TestRunner" name="runScenario" time="30.069"/>
</testsuite> <!-- testrunner.TestRunner -->
