<?xml version="1.0" encoding="UTF-8"?>
<!-- Generated by org.testng.reporters.JUnitReportReporter -->
<testsuite hostname="Moinuddin" failures="0" tests="6" name="testrunner.TestRunner" time="135.426" errors="0" timestamp="2026-05-07T12:15:20 IST" skipped="0">
  <testcase classname="testrunner.TestRunner" name="runScenario" time="18.689"/>
  <testcase classname="testrunner.TestRunner" name="runScenario" time="19.376"/>
  <testcase classname="testrunner.TestRunner" name="runScenario" time="18.273"/>
  <testcase classname="testrunner.TestRunner" name="runScenario" time="19.219"/>
  <testcase classname="testrunner.TestRunner" name="runScenario" time="26.324"/>
  <testcase classname="testrunner.TestRunner" name="runScenario" time="33.545"/>
</testsuite> <!-- testrunner.TestRunner -->
