<?xml version="1.0" encoding="UTF-8"?>
<!-- Generated by org.testng.reporters.JUnitReportReporter -->
<testsuite hostname="Moinuddin" failures="0" tests="7" name="testrunner.TestRunner" time="216.191" errors="1" timestamp="2026-05-07T09:42:06 IST" skipped="0">
  <testcase classname="testrunner.TestRunner" name="runScenario" time="54.416"/>
  <testcase classname="testrunner.TestRunner" name="runScenario" time="20.528"/>
  <testcase classname="testrunner.TestRunner" name="runScenario" time="20.089"/>
  <testcase classname="testrunner.TestRunner" name="runScenario" time="26.412"/>
  <testcase classname="testrunner.TestRunner" name="runScenario" time="53.201">
    <error message="Expected condition failed: waiting for visibility of element located by By.xpath: (//input[@name=&#039;q&#039;])[1] (tried for 15 second(s) with 500 milliseconds interval)
Build info: version: &#039;4.39.0&#039;, revision: &#039;126f156aee&#039;
System info: os.name: &#039;Windows 11&#039;, os.arch: &#039;amd64&#039;, os.version: &#039;10.0&#039;, java.version: &#039;21.0.9&#039;
Driver info: org.openqa.selenium.chrome.ChromeDriver
Capabilities {acceptInsecureCerts: false, browserName: chrome, browserVersion: 147.0.7727.138, chrome: {chromedriverVersion: 147.0.7727.117 (474cc805edd..., userDataDir: C:\WINDOWS\SystemTemp\scope...}, fedcm:accounts: true, goog:chromeOptions: {debuggerAddress: localhost:62527}, goog:processID: 18124, networkConnectionEnabled: false, pageLoadStrategy: normal, platformName: windows, proxy: Proxy(), se:cdp: ws://localhost:62527/devtoo..., se:cdpVersion: 147.0.7727.138, setWindowRect: true, strictFileInteractability: false, timeouts: {implicit: 0, pageLoad: 300000, script: 30000}, unhandledPromptBehavior: dismiss and notify, webauthn:extension:credBlob: true, webauthn:extension:largeBlob: true, webauthn:extension:minPinLength: true, webauthn:extension:prf: true, webauthn:virtualAuthenticators: true}
Session ID: fb654672098aedab7f2d1e0290096993" type="org.openqa.selenium.TimeoutException">
      <![CDATA[org.openqa.selenium.TimeoutException: Expected condition failed: waiting for visibility of element located by By.xpath: (//input[@name='q'])[1] (tried for 15 second(s) with 500 milliseconds interval)
Build info: version: '4.39.0', revision: '126f156aee'
System info: os.name: 'Windows 11', os.arch: 'amd64', os.version: '10.0', java.version: '21.0.9'
Driver info: org.openqa.selenium.chrome.ChromeDriver
Capabilities {acceptInsecureCerts: false, browserName: chrome, browserVersion: 147.0.7727.138, chrome: {chromedriverVersion: 147.0.7727.117 (474cc805edd..., userDataDir: C:\WINDOWS\SystemTemp\scope...}, fedcm:accounts: true, goog:chromeOptions: {debuggerAddress: localhost:62527}, goog:processID: 18124, networkConnectionEnabled: false, pageLoadStrategy: normal, platformName: windows, proxy: Proxy(), se:cdp: ws://localhost:62527/devtoo..., se:cdpVersion: 147.0.7727.138, setWindowRect: true, strictFileInteractability: false, timeouts: {implicit: 0, pageLoad: 300000, script: 30000}, unhandledPromptBehavior: dismiss and notify, webauthn:extension:credBlob: true, webauthn:extension:largeBlob: true, webauthn:extension:minPinLength: true, webauthn:extension:prf: true, webauthn:virtualAuthenticators: true}
Session ID: fb654672098aedab7f2d1e0290096993
at org.openqa.selenium.support.ui.WebDriverWait.timeoutException(WebDriverWait.java:84)
at org.openqa.selenium.support.ui.FluentWait.until(FluentWait.java:228)
at ResusabilityFunctions.seleniumResuable.waitForElement(seleniumResuable.java:152)
at pages.Searchxcel_page.Searchwithexcel(Searchxcel_page.java:38)
at stepdefination.Searchwithxcell.enter_search_test_in_the_search_field(Searchwithxcell.java:18)
at ✽.Enter search test in the search field(file:///C:/Users/moinu/eclipse-workspace/Flipkart/src/test/resources/features/searchfunctionality.feature:63)
]]>
    </error>
  </testcase> <!-- runScenario -->
  <testcase classname="testrunner.TestRunner" name="runScenario" time="20.832"/>
  <testcase classname="testrunner.TestRunner" name="runScenario" time="20.713"/>
</testsuite> <!-- testrunner.TestRunner -->
